#! /c/Source/iverilog-install/bin/vvp
:ivl_version "12.0 (devel)" "(s20150603-1110-g18392a46)";
:ivl_delay_selection "TYPICAL";
:vpi_time_precision + 0;
:vpi_module "C:\iverilog\lib\ivl\system.vpi";
:vpi_module "C:\iverilog\lib\ivl\vhdl_sys.vpi";
:vpi_module "C:\iverilog\lib\ivl\vhdl_textio.vpi";
:vpi_module "C:\iverilog\lib\ivl\v2005_math.vpi";
:vpi_module "C:\iverilog\lib\ivl\va_math.vpi";
S_0000020910b4ff80 .scope module, "Exe_mem" "Exe_mem" 2 7;
 .timescale 0 0;
L_0000020910b34630 .functor BUFZ 16, v0000020910b74340_0, C4<0000000000000000>, C4<0000000000000000>, C4<0000000000000000>;
L_0000020910b34b70 .functor BUFZ 1, v0000020910b6fca0_0, C4<0>, C4<0>, C4<0>;
L_0000020910b349b0 .functor BUFZ 16, v0000020910b72720_0, C4<0000000000000000>, C4<0000000000000000>, C4<0000000000000000>;
L_0000020910b34010 .functor BUFZ 16, v0000020910b725e0_0, C4<0000000000000000>, C4<0000000000000000>, C4<0000000000000000>;
L_0000020910b34080 .functor BUFZ 16, v0000020910b73bc0_0, C4<0000000000000000>, C4<0000000000000000>, C4<0000000000000000>;
L_0000020910b347f0 .functor BUFZ 16, v0000020910b73c60_0, C4<0000000000000000>, C4<0000000000000000>, C4<0000000000000000>;
L_0000020910b34e80 .functor BUFZ 16, v0000020910b729a0_0, C4<0000000000000000>, C4<0000000000000000>, C4<0000000000000000>;
L_0000020910b344e0 .functor BUFZ 16, v0000020910b72b80_0, C4<0000000000000000>, C4<0000000000000000>, C4<0000000000000000>;
L_0000020910b340f0 .functor BUFZ 16, v0000020910b731c0_0, C4<0000000000000000>, C4<0000000000000000>, C4<0000000000000000>;
L_0000020910b34940 .functor BUFZ 16, v0000020910b72e00_0, C4<0000000000000000>, C4<0000000000000000>, C4<0000000000000000>;
L_0000020910b341d0 .functor BUFZ 4, v0000020910b72d60_0, C4<0000>, C4<0000>, C4<0000>;
L_0000020910b342b0 .functor BUFZ 16, v0000020910b710a0_0, C4<0000000000000000>, C4<0000000000000000>, C4<0000000000000000>;
L_0000020910b34860 .functor BUFZ 1, v0000020910b701a0_0, C4<0>, C4<0>, C4<0>;
L_0000020910b34d30 .functor BUFZ 8, v0000020910b6ffc0_0, C4<00000000>, C4<00000000>, C4<00000000>;
v0000020910b70ce0_0 .net "ALU_output", 15 0, L_0000020910b74900;  1 drivers
v0000020910b702e0_0 .net "AluOutput", 15 0, L_0000020910b342b0;  1 drivers
v0000020910b710a0_0 .var "AluOutput_reg", 15 0;
v0000020910b70d80_0 .var "Data_from_mem", 15 0;
v0000020910b6ff20_0 .var "aluoutput", 15 0;
v0000020910b71140_0 .net "checkwdata", 0 0, L_0000020910b345c0;  1 drivers
v0000020910b6f700_0 .var "checkwdata_wb", 0 0;
v0000020910b71280_0 .net "ciwire", 19 0, L_0000020910b346a0;  1 drivers
v0000020910b6fca0_0 .var "clk", 0 0;
v0000020910b6fb60_0 .net "clkwire", 0 0, L_0000020910b34b70;  1 drivers
v0000020910b713c0_0 .var "current_instruction", 19 0;
v0000020910b70420_0 .net "dest_reg_wire", 3 0, L_0000020910b738a0;  1 drivers
v0000020910b6f980_0 .var "done", 0 0;
v0000020910b70b00_0 .var/i "i", 31 0;
v0000020910b6fa20_0 .var "imm", 7 0;
v0000020910b6fac0_0 .var "inst", 3 0;
v0000020910b70ec0_0 .net "instruction", 3 0, L_0000020910b747b0;  1 drivers
v0000020910b6fc00_0 .net "instruction_4_bits", 3 0, L_0000020910b34320;  1 drivers
v0000020910b6fde0_0 .var "instructioni", 3 0;
v0000020910b70880_0 .net "instrwire", 7 0, L_0000020910b34400;  1 drivers
v0000020910b70e20_0 .net "jump_address", 7 0, L_0000020910b34d30;  1 drivers
v0000020910b6fd40_0 .net "jump_address_exe", 7 0, L_0000020910b72860;  1 drivers
v0000020910b6ffc0_0 .var "jump_address_reg", 7 0;
v0000020910b70100_0 .net "jump_selector", 0 0, L_0000020910b34860;  1 drivers
v0000020910b707e0_0 .net "jump_selector_exe", 0 0, L_0000020910b75070;  1 drivers
v0000020910b701a0_0 .var "jump_selector_reg", 0 0;
v0000020910b70240_0 .net "ldst", 3 0, L_0000020910b74d60;  1 drivers
v0000020910b70560_0 .var "ldsti", 3 0;
v0000020910b70600_0 .var "linenum", 3 0;
v0000020910b70740_0 .net "memwire", 3 0, L_0000020910b34cc0;  1 drivers
o0000020910bd2218 .functor BUFZ 8, C4<zzzzzzzz>; HiZ drive
v0000020910b73580_0 .net "npc_out", 7 0, o0000020910bd2218;  0 drivers
v0000020910b73120_0 .var "npci", 7 0;
v0000020910b73b20_0 .var "op1", 15 0;
v0000020910b72900_0 .var "op2", 15 0;
v0000020910b72ae0_0 .net "opcode_out", 3 0, L_0000020910b75310;  1 drivers
v0000020910b74160_0 .var "pc", 7 0;
v0000020910b72720_0 .var "reg1", 15 0;
v0000020910b74200_0 .net "reg1_out", 15 0, L_0000020910b74dd0;  1 drivers
v0000020910b725e0_0 .var "reg2", 15 0;
v0000020910b73300_0 .net "reg2_out", 15 0, L_0000020910b75230;  1 drivers
v0000020910b73bc0_0 .var "reg3", 15 0;
v0000020910b733a0_0 .net "reg3_out", 15 0, L_0000020910b75380;  1 drivers
v0000020910b73c60_0 .var "reg4", 15 0;
v0000020910b72cc0_0 .net "reg4_out", 15 0, L_0000020910b753f0;  1 drivers
v0000020910b729a0_0 .var "reg5", 15 0;
v0000020910b72fe0_0 .net "reg5_out", 15 0, L_0000020910b74ac0;  1 drivers
v0000020910b72b80_0 .var "reg6", 15 0;
v0000020910b73d00_0 .net "reg6_out", 15 0, L_0000020910b74970;  1 drivers
v0000020910b731c0_0 .var "reg7", 15 0;
v0000020910b72c20_0 .net "reg7_out", 15 0, L_0000020910b74ba0;  1 drivers
v0000020910b72e00_0 .var "reg8", 15 0;
v0000020910b73da0_0 .net "reg8_out", 15 0, L_0000020910b749e0;  1 drivers
v0000020910b72680_0 .net "regNos", 3 0, L_0000020910b341d0;  1 drivers
v0000020910b72d60_0 .var "regNos_reg", 3 0;
v0000020910b73e40_0 .net "reg_data_1_wire", 15 0, L_0000020910b34da0;  1 drivers
v0000020910b73a80_0 .net "reg_data_2_wire", 15 0, L_0000020910b34550;  1 drivers
v0000020910b73260_0 .net "regdest", 3 0, L_0000020910b754d0;  1 drivers
v0000020910b727c0_0 .var "regdesti", 3 0;
v0000020910b72ea0_0 .var "registernum", 3 0;
v0000020910b74020_0 .net "regnum", 3 0, L_0000020910b34470;  1 drivers
v0000020910b72f40_0 .net "regwire1", 15 0, L_0000020910b349b0;  1 drivers
v0000020910b73440_0 .net "regwire2", 15 0, L_0000020910b34010;  1 drivers
v0000020910b73080_0 .net "regwire3", 15 0, L_0000020910b34080;  1 drivers
v0000020910b734e0_0 .net "regwire4", 15 0, L_0000020910b347f0;  1 drivers
v0000020910b73620_0 .net "regwire5", 15 0, L_0000020910b34e80;  1 drivers
v0000020910b739e0_0 .net "regwire6", 15 0, L_0000020910b344e0;  1 drivers
v0000020910b736c0_0 .net "regwire7", 15 0, L_0000020910b340f0;  1 drivers
v0000020910b73760_0 .net "regwire8", 15 0, L_0000020910b34940;  1 drivers
v0000020910b742a0_0 .net "wdata", 15 0, L_0000020910b34710;  1 drivers
v0000020910b74340_0 .var "wdatareg", 15 0;
v0000020910b73800_0 .net "wdataregw", 15 0, L_0000020910b34630;  1 drivers
E_0000020910b49c30 .event negedge, v0000020910b6fca0_0;
S_0000020910b50110 .scope module, "D" "write_back" 2 107, 3 1 0, S_0000020910b4ff80;
 .timescale 0 0;
    .port_info 0 /INPUT 1 "clkwire";
    .port_info 1 /INPUT 1 "writeToReg";
    .port_info 2 /INPUT 16 "writeData";
    .port_info 3 /INPUT 4 "regNos";
    .port_info 4 /INPUT 16 "reg1_in";
    .port_info 5 /INPUT 16 "reg2_in";
    .port_info 6 /INPUT 16 "reg3_in";
    .port_info 7 /INPUT 16 "reg4_in";
    .port_info 8 /INPUT 16 "reg5_in";
    .port_info 9 /INPUT 16 "reg6_in";
    .port_info 10 /INPUT 16 "reg7_in";
    .port_info 11 /INPUT 16 "reg8_in";
    .port_info 12 /OUTPUT 16 "reg1_out";
    .port_info 13 /OUTPUT 16 "reg2_out";
    .port_info 14 /OUTPUT 16 "reg3_out";
    .port_info 15 /OUTPUT 16 "reg4_out";
    .port_info 16 /OUTPUT 16 "reg5_out";
    .port_info 17 /OUTPUT 16 "reg6_out";
    .port_info 18 /OUTPUT 16 "reg7_out";
    .port_info 19 /OUTPUT 16 "reg8_out";
L_0000020910b74dd0 .functor BUFZ 16, v0000020910b37670_0, C4<0000000000000000>, C4<0000000000000000>, C4<0000000000000000>;
L_0000020910b75230 .functor BUFZ 16, v0000020910b368b0_0, C4<0000000000000000>, C4<0000000000000000>, C4<0000000000000000>;
L_0000020910b75380 .functor BUFZ 16, v0000020910b37b70_0, C4<0000000000000000>, C4<0000000000000000>, C4<0000000000000000>;
L_0000020910b753f0 .functor BUFZ 16, v0000020910b36bd0_0, C4<0000000000000000>, C4<0000000000000000>, C4<0000000000000000>;
L_0000020910b74ac0 .functor BUFZ 16, v0000020910b36f90_0, C4<0000000000000000>, C4<0000000000000000>, C4<0000000000000000>;
L_0000020910b74970 .functor BUFZ 16, v0000020910b37f30_0, C4<0000000000000000>, C4<0000000000000000>, C4<0000000000000000>;
L_0000020910b74ba0 .functor BUFZ 16, v0000020910b370d0_0, C4<0000000000000000>, C4<0000000000000000>, C4<0000000000000000>;
L_0000020910b749e0 .functor BUFZ 16, v0000020910b37850_0, C4<0000000000000000>, C4<0000000000000000>, C4<0000000000000000>;
v0000020910b372b0_0 .var "ADD", 3 0;
v0000020910b37a30_0 .var "BEQ", 3 0;
v0000020910b37fd0_0 .var "BNE", 3 0;
v0000020910b36810_0 .var "LW", 3 0;
v0000020910b364f0_0 .var "MUL", 3 0;
v0000020910b37530_0 .var "SUB", 3 0;
v0000020910b36770_0 .var "SW", 3 0;
v0000020910b36e50_0 .net "clkwire", 0 0, L_0000020910b34b70;  alias, 1 drivers
v0000020910b36d10_0 .net "reg1_in", 15 0, L_0000020910b349b0;  alias, 1 drivers
v0000020910b37670_0 .var "reg1_in_data", 15 0;
v0000020910b37710_0 .net "reg1_out", 15 0, L_0000020910b74dd0;  alias, 1 drivers
v0000020910b37350_0 .net "reg2_in", 15 0, L_0000020910b34010;  alias, 1 drivers
v0000020910b368b0_0 .var "reg2_in_data", 15 0;
v0000020910b36450_0 .net "reg2_out", 15 0, L_0000020910b75230;  alias, 1 drivers
v0000020910b37d50_0 .net "reg3_in", 15 0, L_0000020910b34080;  alias, 1 drivers
v0000020910b37b70_0 .var "reg3_in_data", 15 0;
v0000020910b36ef0_0 .net "reg3_out", 15 0, L_0000020910b75380;  alias, 1 drivers
v0000020910b36a90_0 .net "reg4_in", 15 0, L_0000020910b347f0;  alias, 1 drivers
v0000020910b36bd0_0 .var "reg4_in_data", 15 0;
v0000020910b36950_0 .net "reg4_out", 15 0, L_0000020910b753f0;  alias, 1 drivers
v0000020910b36b30_0 .net "reg5_in", 15 0, L_0000020910b34e80;  alias, 1 drivers
v0000020910b36f90_0 .var "reg5_in_data", 15 0;
v0000020910b37cb0_0 .net "reg5_out", 15 0, L_0000020910b74ac0;  alias, 1 drivers
v0000020910b375d0_0 .net "reg6_in", 15 0, L_0000020910b344e0;  alias, 1 drivers
v0000020910b37f30_0 .var "reg6_in_data", 15 0;
v0000020910b369f0_0 .net "reg6_out", 15 0, L_0000020910b74970;  alias, 1 drivers
v0000020910b36590_0 .net "reg7_in", 15 0, L_0000020910b340f0;  alias, 1 drivers
v0000020910b370d0_0 .var "reg7_in_data", 15 0;
v0000020910b373f0_0 .net "reg7_out", 15 0, L_0000020910b74ba0;  alias, 1 drivers
v0000020910b37ad0_0 .net "reg8_in", 15 0, L_0000020910b34940;  alias, 1 drivers
v0000020910b37850_0 .var "reg8_in_data", 15 0;
v0000020910b38070_0 .net "reg8_out", 15 0, L_0000020910b749e0;  alias, 1 drivers
v0000020910b37c10_0 .net "regNos", 3 0, L_0000020910b341d0;  alias, 1 drivers
v0000020910b37df0_0 .net "writeData", 15 0, L_0000020910b34630;  alias, 1 drivers
v0000020910b36c70_0 .net "writeToReg", 0 0, v0000020910b6f700_0;  1 drivers
E_0000020910b49d30 .event posedge, v0000020910b36e50_0;
S_0000020910ad37d0 .scope module, "S2" "id_unit" 2 60, 4 1 0, S_0000020910b4ff80;
 .timescale 0 0;
    .port_info 0 /INPUT 1 "clkwire";
    .port_info 1 /INPUT 16 "regwire1";
    .port_info 2 /INPUT 16 "regwire2";
    .port_info 3 /INPUT 16 "regwire3";
    .port_info 4 /INPUT 16 "regwire4";
    .port_info 5 /INPUT 16 "regwire5";
    .port_info 6 /INPUT 16 "regwire6";
    .port_info 7 /INPUT 16 "regwire7";
    .port_info 8 /INPUT 16 "regwire8";
    .port_info 9 /INPUT 20 "current_instruction";
    .port_info 10 /OUTPUT 16 "reg_data_1_wire";
    .port_info 11 /OUTPUT 16 "reg_data_2_wire";
    .port_info 12 /OUTPUT 4 "instruction_4_bits";
    .port_info 13 /OUTPUT 4 "dest_reg_wire";
    .port_info 14 /OUTPUT 4 "memwire";
    .port_info 15 /OUTPUT 8 "instrwire";
L_0000020910b34cc0 .functor BUFZ 4, v0000020910b366d0_0, C4<0000>, C4<0000>, C4<0000>;
L_0000020910b34320 .functor BUFZ 4, v0000020910c13000_0, C4<0000>, C4<0000>, C4<0000>;
L_0000020910b34da0 .functor BUFZ 16, v0000020910c13460_0, C4<0000000000000000>, C4<0000000000000000>, C4<0000000000000000>;
L_0000020910b34550 .functor BUFZ 16, v0000020910c13960_0, C4<0000000000000000>, C4<0000000000000000>, C4<0000000000000000>;
L_0000020910b34400 .functor BUFZ 8, v0000020910b361d0_0, C4<00000000>, C4<00000000>, C4<00000000>;
v0000020910b37990_0 .net "clkwire", 0 0, L_0000020910b34b70;  alias, 1 drivers
v0000020910b37490_0 .net "current_instruction", 19 0, v0000020910b713c0_0;  1 drivers
v0000020910b36630_0 .var "dest_reg", 15 0;
v0000020910b37e90_0 .net "dest_reg_wire", 3 0, L_0000020910b738a0;  alias, 1 drivers
v0000020910b37030_0 .var "instr", 19 0;
v0000020910b361d0_0 .var "instr_line_no", 7 0;
v0000020910b36270_0 .net "instruction_4_bits", 3 0, L_0000020910b34320;  alias, 1 drivers
v0000020910b37170_0 .net "instrwire", 7 0, L_0000020910b34400;  alias, 1 drivers
v0000020910b366d0_0 .var "mem_line_no", 3 0;
v0000020910b36310_0 .net "memwire", 3 0, L_0000020910b34cc0;  alias, 1 drivers
v0000020910c13000_0 .var "opcode", 3 0;
v0000020910c13280_0 .var "r1", 15 0;
v0000020910c13f00_0 .var "r2", 15 0;
v0000020910c13a00_0 .var "r3", 15 0;
v0000020910c12e20_0 .var "r4", 15 0;
v0000020910c124c0_0 .var "r5", 15 0;
v0000020910c135a0_0 .var "r6", 15 0;
v0000020910c126a0_0 .var "r7", 15 0;
v0000020910c12ce0_0 .var "r8", 15 0;
v0000020910c13460_0 .var "reg_data_1", 15 0;
v0000020910c127e0_0 .net "reg_data_1_wire", 15 0, L_0000020910b34da0;  alias, 1 drivers
v0000020910c13960_0 .var "reg_data_2", 15 0;
v0000020910c12740_0 .net "reg_data_2_wire", 15 0, L_0000020910b34550;  alias, 1 drivers
v0000020910c13320_0 .net "regwire1", 15 0, v0000020910b72720_0;  1 drivers
v0000020910c13b40_0 .net "regwire2", 15 0, v0000020910b725e0_0;  1 drivers
v0000020910c13e60_0 .net "regwire3", 15 0, v0000020910b73bc0_0;  1 drivers
v0000020910c12a60_0 .net "regwire4", 15 0, v0000020910b73c60_0;  1 drivers
v0000020910c13500_0 .net "regwire5", 15 0, v0000020910b729a0_0;  1 drivers
v0000020910c12ba0_0 .net "regwire6", 15 0, v0000020910b72b80_0;  1 drivers
v0000020910c12c40_0 .net "regwire7", 15 0, v0000020910b731c0_0;  1 drivers
v0000020910c12060_0 .net "regwire8", 15 0, v0000020910b72e00_0;  1 drivers
L_0000020910b738a0 .part v0000020910b36630_0, 0, 4;
S_0000020910ad3a70 .scope module, "dut" "memory_unit" 2 79, 5 1 0, S_0000020910b4ff80;
 .timescale 0 0;
    .port_info 0 /INPUT 1 "clkwire";
    .port_info 1 /INPUT 4 "registernum";
    .port_info 2 /INPUT 4 "instruction";
    .port_info 3 /INPUT 16 "aluoutput";
    .port_info 4 /INPUT 4 "linenum";
    .port_info 5 /OUTPUT 16 "writedata";
    .port_info 6 /OUTPUT 4 "regnum";
    .port_info 7 /OUTPUT 4 "opcode_out";
    .port_info 8 /OUTPUT 1 "checkbool";
L_0000020910b34470 .functor BUFZ 4, v0000020910c12560_0, C4<0000>, C4<0000>, C4<0000>;
L_0000020910b345c0 .functor BUFZ 1, v0000020910c12420_0, C4<0>, C4<0>, C4<0>;
L_0000020910b34710 .functor BUFZ 16, v0000020910c13c80_0, C4<0000000000000000>, C4<0000000000000000>, C4<0000000000000000>;
L_0000020910b75310 .functor BUFZ 4, v0000020910c13820_0, C4<0000>, C4<0000>, C4<0000>;
v0000020910c136e0 .array "Mem", 15 0, 15 0;
v0000020910c13be0_0 .var/i "a", 31 0;
v0000020910c13780_0 .net "aluoutput", 15 0, v0000020910b6ff20_0;  1 drivers
v0000020910c12ec0_0 .net "checkbool", 0 0, L_0000020910b345c0;  alias, 1 drivers
v0000020910c12420_0 .var "checkboolreg", 0 0;
v0000020910c12b00_0 .net "clkwire", 0 0, L_0000020910b34b70;  alias, 1 drivers
v0000020910c130a0_0 .var/i "fd", 31 0;
v0000020910c13d20_0 .var/i "i", 31 0;
v0000020910c13820_0 .var "inst_pass", 3 0;
v0000020910c12880_0 .net "instruction", 3 0, v0000020910b6fac0_0;  1 drivers
v0000020910c12920_0 .net "linenum", 3 0, v0000020910b70600_0;  1 drivers
v0000020910c138c0_0 .net "opcode_out", 3 0, L_0000020910b75310;  alias, 1 drivers
v0000020910c12100_0 .net "registernum", 3 0, v0000020910b72ea0_0;  1 drivers
v0000020910c12560_0 .var "regno", 3 0;
v0000020910c13aa0_0 .net "regnum", 3 0, L_0000020910b34470;  alias, 1 drivers
v0000020910c13c80_0 .var "val", 15 0;
v0000020910c12d80_0 .net "writedata", 15 0, L_0000020910b34710;  alias, 1 drivers
S_0000020910acdbb0 .scope module, "dut2" "Execution_unit" 2 91, 6 1 0, S_0000020910b4ff80;
 .timescale 0 0;
    .port_info 0 /INPUT 1 "clkwire";
    .port_info 1 /INPUT 16 "op1";
    .port_info 2 /INPUT 16 "op2";
    .port_info 3 /INPUT 8 "imm";
    .port_info 4 /INPUT 4 "instructioni";
    .port_info 5 /INPUT 4 "regdesti";
    .port_info 6 /INPUT 4 "ldsti";
    .port_info 7 /OUTPUT 16 "ALU_output";
    .port_info 8 /OUTPUT 4 "regdest";
    .port_info 9 /OUTPUT 4 "ldst";
    .port_info 10 /OUTPUT 4 "instruction";
    .port_info 11 /OUTPUT 8 "jump_address";
    .port_info 12 /OUTPUT 1 "jump_selector";
L_0000020910b74900 .functor BUFZ 16, v0000020910c13dc0_0, C4<0000000000000000>, C4<0000000000000000>, C4<0000000000000000>;
L_0000020910b74d60 .functor BUFZ 4, v0000020910b6f840_0, C4<0000>, C4<0000>, C4<0000>;
L_0000020910b754d0 .functor BUFZ 4, v0000020910b70a60_0, C4<0000>, C4<0000>, C4<0000>;
L_0000020910b75070 .functor BUFZ 1, v0000020910c12600_0, C4<0>, C4<0>, C4<0>;
L_0000020910b747b0 .functor BUFZ 4, v0000020910c12240_0, C4<0000>, C4<0000>, C4<0000>;
v0000020910c12f60_0 .net "ALU_output", 15 0, L_0000020910b74900;  alias, 1 drivers
v0000020910c13dc0_0 .var "ALU_result", 15 0;
L_0000020910c14028 .functor BUFT 1, C4<0000>, C4<0>, C4<0>, C4<0>;
v0000020910c129c0_0 .net *"_ivl_9", 3 0, L_0000020910c14028;  1 drivers
v0000020910c13140_0 .net "clkwire", 0 0, L_0000020910b34b70;  alias, 1 drivers
v0000020910c121a0_0 .net "imm", 7 0, v0000020910b6fa20_0;  1 drivers
v0000020910c131e0_0 .net "instruction", 3 0, L_0000020910b747b0;  alias, 1 drivers
v0000020910c12240_0 .var "instruction_reg", 3 0;
v0000020910c122e0_0 .net "instructioni", 3 0, v0000020910b6fde0_0;  1 drivers
v0000020910c133c0_0 .net "jump_address", 7 0, L_0000020910b72860;  alias, 1 drivers
v0000020910c12380_0 .net "jump_selector", 0 0, L_0000020910b75070;  alias, 1 drivers
v0000020910c12600_0 .var "jump_selector_reg", 0 0;
v0000020910b70c40_0 .net "ldst", 3 0, L_0000020910b74d60;  alias, 1 drivers
v0000020910b709c0_0 .net "ldsti", 3 0, v0000020910b70560_0;  1 drivers
v0000020910b6f840_0 .var "ldsti_reg", 3 0;
v0000020910b6fe80_0 .var "npc_reg", 3 0;
v0000020910b71460_0 .net "op1", 15 0, v0000020910b73b20_0;  1 drivers
v0000020910b6f7a0_0 .net "op2", 15 0, v0000020910b72900_0;  1 drivers
v0000020910b704c0_0 .net "regdest", 3 0, L_0000020910b754d0;  alias, 1 drivers
v0000020910b70380_0 .net "regdesti", 3 0, v0000020910b727c0_0;  1 drivers
v0000020910b70a60_0 .var "regdesti_reg", 3 0;
L_0000020910b72860 .concat [ 4 4 0 0], v0000020910b6fe80_0, L_0000020910c14028;
S_0000020910ae1fe0 .scope module, "iftest" "if_unit" 2 53, 7 1 0, S_0000020910b4ff80;
 .timescale 0 0;
    .port_info 0 /INPUT 1 "clkwire";
    .port_info 1 /INPUT 1 "jump_selector";
    .port_info 2 /INPUT 8 "jump_address";
    .port_info 3 /OUTPUT 20 "instructionwire";
    .port_info 4 /OUTPUT 8 "npc";
L_0000020910b346a0 .functor BUFZ 20, v0000020910b70060_0, C4<00000000000000000000>, C4<00000000000000000000>, C4<00000000000000000000>;
L_0000020910b34240 .functor BUFZ 8, v0000020910b70ba0_0, C4<00000000>, C4<00000000>, C4<00000000>;
v0000020910b71320_0 .var/i "a", 31 0;
v0000020910b706a0_0 .net "clkwire", 0 0, L_0000020910b34b70;  alias, 1 drivers
v0000020910b70060_0 .var "curr_instruction", 19 0;
v0000020910b6f8e0_0 .var/i "file", 31 0;
v0000020910b6f5c0 .array "instructions_all", 99 0, 19 0;
v0000020910b70f60_0 .net "instructionwire", 19 0, L_0000020910b346a0;  alias, 1 drivers
v0000020910b711e0_0 .net "jump_address", 7 0, L_0000020910b34d30;  alias, 1 drivers
v0000020910b71000_0 .net "jump_selector", 0 0, L_0000020910b34860;  alias, 1 drivers
v0000020910b70920_0 .var/i "line_num", 31 0;
v0000020910b6f660_0 .net "npc", 7 0, L_0000020910b34240;  1 drivers
v0000020910b70ba0_0 .var "pc", 7 0;
    .scope S_0000020910ae1fe0;
T_0 ;
    %vpi_func 7 16 "$fopen" 32, "instructions.txt", "r" {0 0 0};
    %store/vec4 v0000020910b6f8e0_0, 0, 32;
    %pushi/vec4 0, 0, 32;
    %store/vec4 v0000020910b70920_0, 0, 32;
T_0.0 ;
    %vpi_func 7 18 "$feof" 32, v0000020910b6f8e0_0 {0 0 0};
    %nor/r;
    %flag_set/vec4 8;
    %jmp/0xz T_0.1, 8;
    %vpi_func 7 20 "$fscanf" 32, v0000020910b6f8e0_0, "%b", &A<v0000020910b6f5c0, v0000020910b70920_0 > {0 0 0};
    %store/vec4 v0000020910b71320_0, 0, 32;
    %load/vec4 v0000020910b70920_0;
    %addi 1, 0, 32;
    %store/vec4 v0000020910b70920_0, 0, 32;
    %jmp T_0.0;
T_0.1 ;
    %end;
    .thread T_0;
    .scope S_0000020910ae1fe0;
T_1 ;
    %wait E_0000020910b49d30;
    %load/vec4 v0000020910b71000_0;
    %pad/u 32;
    %cmpi/e 1, 0, 32;
    %jmp/0xz  T_1.0, 4;
    %load/vec4 v0000020910b711e0_0;
    %store/vec4 v0000020910b70ba0_0, 0, 8;
T_1.0 ;
    %ix/getv 4, v0000020910b70ba0_0;
    %load/vec4a v0000020910b6f5c0, 4;
    %store/vec4 v0000020910b70060_0, 0, 20;
    %load/vec4 v0000020910b70ba0_0;
    %addi 1, 0, 8;
    %store/vec4 v0000020910b70ba0_0, 0, 8;
    %jmp T_1;
    .thread T_1;
    .scope S_0000020910ae1fe0;
T_2 ;
    %pushi/vec4 0, 0, 8;
    %store/vec4 v0000020910b70ba0_0, 0, 8;
    %end;
    .thread T_2;
    .scope S_0000020910ad37d0;
T_3 ;
    %wait E_0000020910b49d30;
    %load/vec4 v0000020910c13320_0;
    %store/vec4 v0000020910c13280_0, 0, 16;
    %load/vec4 v0000020910c13b40_0;
    %store/vec4 v0000020910c13f00_0, 0, 16;
    %load/vec4 v0000020910c13e60_0;
    %store/vec4 v0000020910c13a00_0, 0, 16;
    %load/vec4 v0000020910c12a60_0;
    %store/vec4 v0000020910c12e20_0, 0, 16;
    %load/vec4 v0000020910c13500_0;
    %store/vec4 v0000020910c124c0_0, 0, 16;
    %load/vec4 v0000020910c12ba0_0;
    %store/vec4 v0000020910c135a0_0, 0, 16;
    %load/vec4 v0000020910c12c40_0;
    %store/vec4 v0000020910c126a0_0, 0, 16;
    %load/vec4 v0000020910c12060_0;
    %store/vec4 v0000020910c12ce0_0, 0, 16;
    %load/vec4 v0000020910b37490_0;
    %store/vec4 v0000020910b37030_0, 0, 20;
    %load/vec4 v0000020910b37030_0;
    %parti/s 4, 16, 6;
    %store/vec4 v0000020910c13000_0, 0, 4;
    %load/vec4 v0000020910b37030_0;
    %parti/s 4, 8, 5;
    %store/vec4 v0000020910b366d0_0, 0, 4;
    %load/vec4 v0000020910b37030_0;
    %parti/s 4, 12, 5;
    %pad/u 16;
    %store/vec4 v0000020910b36630_0, 0, 16;
    %load/vec4 v0000020910b37030_0;
    %parti/s 8, 0, 2;
    %store/vec4 v0000020910b361d0_0, 0, 8;
    %load/vec4 v0000020910b37030_0;
    %parti/s 4, 16, 6;
    %cmpi/e 0, 0, 4;
    %flag_mov 8, 4;
    %load/vec4 v0000020910b37030_0;
    %parti/s 4, 16, 6;
    %cmpi/e 1, 0, 4;
    %flag_or 4, 8;
    %flag_mov 8, 4;
    %load/vec4 v0000020910b37030_0;
    %parti/s 4, 16, 6;
    %cmpi/e 2, 0, 4;
    %flag_or 4, 8;
    %jmp/0xz  T_3.0, 4;
    %load/vec4 v0000020910b37030_0;
    %parti/s 4, 8, 5;
    %dup/vec4;
    %pushi/vec4 0, 0, 4;
    %cmp/u;
    %jmp/1 T_3.2, 6;
    %dup/vec4;
    %pushi/vec4 1, 0, 4;
    %cmp/u;
    %jmp/1 T_3.3, 6;
    %dup/vec4;
    %pushi/vec4 2, 0, 4;
    %cmp/u;
    %jmp/1 T_3.4, 6;
    %dup/vec4;
    %pushi/vec4 3, 0, 4;
    %cmp/u;
    %jmp/1 T_3.5, 6;
    %dup/vec4;
    %pushi/vec4 4, 0, 4;
    %cmp/u;
    %jmp/1 T_3.6, 6;
    %dup/vec4;
    %pushi/vec4 5, 0, 4;
    %cmp/u;
    %jmp/1 T_3.7, 6;
    %dup/vec4;
    %pushi/vec4 6, 0, 4;
    %cmp/u;
    %jmp/1 T_3.8, 6;
    %dup/vec4;
    %pushi/vec4 7, 0, 4;
    %cmp/u;
    %jmp/1 T_3.9, 6;
    %jmp T_3.10;
T_3.2 ;
    %load/vec4 v0000020910c13280_0;
    %store/vec4 v0000020910c13460_0, 0, 16;
    %jmp T_3.10;
T_3.3 ;
    %load/vec4 v0000020910c13f00_0;
    %store/vec4 v0000020910c13460_0, 0, 16;
    %jmp T_3.10;
T_3.4 ;
    %load/vec4 v0000020910c13a00_0;
    %store/vec4 v0000020910c13460_0, 0, 16;
    %jmp T_3.10;
T_3.5 ;
    %load/vec4 v0000020910c12e20_0;
    %store/vec4 v0000020910c13460_0, 0, 16;
    %jmp T_3.10;
T_3.6 ;
    %load/vec4 v0000020910c124c0_0;
    %store/vec4 v0000020910c13460_0, 0, 16;
    %jmp T_3.10;
T_3.7 ;
    %load/vec4 v0000020910c135a0_0;
    %store/vec4 v0000020910c13460_0, 0, 16;
    %jmp T_3.10;
T_3.8 ;
    %load/vec4 v0000020910c126a0_0;
    %store/vec4 v0000020910c13460_0, 0, 16;
    %jmp T_3.10;
T_3.9 ;
    %load/vec4 v0000020910c12ce0_0;
    %store/vec4 v0000020910c13460_0, 0, 16;
    %jmp T_3.10;
T_3.10 ;
    %pop/vec4 1;
    %load/vec4 v0000020910b37030_0;
    %parti/s 4, 4, 4;
    %dup/vec4;
    %pushi/vec4 0, 0, 4;
    %cmp/u;
    %jmp/1 T_3.11, 6;
    %dup/vec4;
    %pushi/vec4 1, 0, 4;
    %cmp/u;
    %jmp/1 T_3.12, 6;
    %dup/vec4;
    %pushi/vec4 2, 0, 4;
    %cmp/u;
    %jmp/1 T_3.13, 6;
    %dup/vec4;
    %pushi/vec4 3, 0, 4;
    %cmp/u;
    %jmp/1 T_3.14, 6;
    %dup/vec4;
    %pushi/vec4 4, 0, 4;
    %cmp/u;
    %jmp/1 T_3.15, 6;
    %dup/vec4;
    %pushi/vec4 5, 0, 4;
    %cmp/u;
    %jmp/1 T_3.16, 6;
    %dup/vec4;
    %pushi/vec4 6, 0, 4;
    %cmp/u;
    %jmp/1 T_3.17, 6;
    %dup/vec4;
    %pushi/vec4 7, 0, 4;
    %cmp/u;
    %jmp/1 T_3.18, 6;
    %jmp T_3.19;
T_3.11 ;
    %load/vec4 v0000020910c13280_0;
    %store/vec4 v0000020910c13960_0, 0, 16;
    %jmp T_3.19;
T_3.12 ;
    %load/vec4 v0000020910c13f00_0;
    %store/vec4 v0000020910c13960_0, 0, 16;
    %jmp T_3.19;
T_3.13 ;
    %load/vec4 v0000020910c13a00_0;
    %store/vec4 v0000020910c13960_0, 0, 16;
    %jmp T_3.19;
T_3.14 ;
    %load/vec4 v0000020910c12e20_0;
    %store/vec4 v0000020910c13960_0, 0, 16;
    %jmp T_3.19;
T_3.15 ;
    %load/vec4 v0000020910c124c0_0;
    %store/vec4 v0000020910c13960_0, 0, 16;
    %jmp T_3.19;
T_3.16 ;
    %load/vec4 v0000020910c135a0_0;
    %store/vec4 v0000020910c13960_0, 0, 16;
    %jmp T_3.19;
T_3.17 ;
    %load/vec4 v0000020910c126a0_0;
    %store/vec4 v0000020910c13960_0, 0, 16;
    %jmp T_3.19;
T_3.18 ;
    %load/vec4 v0000020910c12ce0_0;
    %store/vec4 v0000020910c13960_0, 0, 16;
    %jmp T_3.19;
T_3.19 ;
    %pop/vec4 1;
T_3.0 ;
    %load/vec4 v0000020910b37030_0;
    %parti/s 4, 16, 6;
    %cmpi/e 5, 0, 4;
    %flag_mov 8, 4;
    %load/vec4 v0000020910b37030_0;
    %parti/s 4, 16, 6;
    %cmpi/e 6, 0, 4;
    %flag_or 4, 8;
    %jmp/0xz  T_3.20, 4;
    %load/vec4 v0000020910b37030_0;
    %parti/s 4, 12, 5;
    %dup/vec4;
    %pushi/vec4 0, 0, 4;
    %cmp/u;
    %jmp/1 T_3.22, 6;
    %dup/vec4;
    %pushi/vec4 1, 0, 4;
    %cmp/u;
    %jmp/1 T_3.23, 6;
    %dup/vec4;
    %pushi/vec4 2, 0, 4;
    %cmp/u;
    %jmp/1 T_3.24, 6;
    %dup/vec4;
    %pushi/vec4 3, 0, 4;
    %cmp/u;
    %jmp/1 T_3.25, 6;
    %dup/vec4;
    %pushi/vec4 4, 0, 4;
    %cmp/u;
    %jmp/1 T_3.26, 6;
    %dup/vec4;
    %pushi/vec4 5, 0, 4;
    %cmp/u;
    %jmp/1 T_3.27, 6;
    %dup/vec4;
    %pushi/vec4 6, 0, 4;
    %cmp/u;
    %jmp/1 T_3.28, 6;
    %dup/vec4;
    %pushi/vec4 7, 0, 4;
    %cmp/u;
    %jmp/1 T_3.29, 6;
    %jmp T_3.30;
T_3.22 ;
    %load/vec4 v0000020910c13280_0;
    %store/vec4 v0000020910c13460_0, 0, 16;
    %jmp T_3.30;
T_3.23 ;
    %load/vec4 v0000020910c13f00_0;
    %store/vec4 v0000020910c13460_0, 0, 16;
    %jmp T_3.30;
T_3.24 ;
    %load/vec4 v0000020910c13a00_0;
    %store/vec4 v0000020910c13460_0, 0, 16;
    %jmp T_3.30;
T_3.25 ;
    %load/vec4 v0000020910c12e20_0;
    %store/vec4 v0000020910c13460_0, 0, 16;
    %jmp T_3.30;
T_3.26 ;
    %load/vec4 v0000020910c124c0_0;
    %store/vec4 v0000020910c13460_0, 0, 16;
    %jmp T_3.30;
T_3.27 ;
    %load/vec4 v0000020910c135a0_0;
    %store/vec4 v0000020910c13460_0, 0, 16;
    %jmp T_3.30;
T_3.28 ;
    %load/vec4 v0000020910c126a0_0;
    %store/vec4 v0000020910c13460_0, 0, 16;
    %jmp T_3.30;
T_3.29 ;
    %load/vec4 v0000020910c12ce0_0;
    %store/vec4 v0000020910c13460_0, 0, 16;
    %jmp T_3.30;
T_3.30 ;
    %pop/vec4 1;
    %load/vec4 v0000020910b37030_0;
    %parti/s 4, 8, 5;
    %dup/vec4;
    %pushi/vec4 0, 0, 4;
    %cmp/u;
    %jmp/1 T_3.31, 6;
    %dup/vec4;
    %pushi/vec4 1, 0, 4;
    %cmp/u;
    %jmp/1 T_3.32, 6;
    %dup/vec4;
    %pushi/vec4 2, 0, 4;
    %cmp/u;
    %jmp/1 T_3.33, 6;
    %dup/vec4;
    %pushi/vec4 3, 0, 4;
    %cmp/u;
    %jmp/1 T_3.34, 6;
    %dup/vec4;
    %pushi/vec4 4, 0, 4;
    %cmp/u;
    %jmp/1 T_3.35, 6;
    %dup/vec4;
    %pushi/vec4 5, 0, 4;
    %cmp/u;
    %jmp/1 T_3.36, 6;
    %dup/vec4;
    %pushi/vec4 6, 0, 4;
    %cmp/u;
    %jmp/1 T_3.37, 6;
    %dup/vec4;
    %pushi/vec4 7, 0, 4;
    %cmp/u;
    %jmp/1 T_3.38, 6;
    %jmp T_3.39;
T_3.31 ;
    %load/vec4 v0000020910c13280_0;
    %store/vec4 v0000020910c13960_0, 0, 16;
    %jmp T_3.39;
T_3.32 ;
    %load/vec4 v0000020910c13f00_0;
    %store/vec4 v0000020910c13960_0, 0, 16;
    %jmp T_3.39;
T_3.33 ;
    %load/vec4 v0000020910c13a00_0;
    %store/vec4 v0000020910c13960_0, 0, 16;
    %jmp T_3.39;
T_3.34 ;
    %load/vec4 v0000020910c12e20_0;
    %store/vec4 v0000020910c13960_0, 0, 16;
    %jmp T_3.39;
T_3.35 ;
    %load/vec4 v0000020910c124c0_0;
    %store/vec4 v0000020910c13960_0, 0, 16;
    %jmp T_3.39;
T_3.36 ;
    %load/vec4 v0000020910c135a0_0;
    %store/vec4 v0000020910c13960_0, 0, 16;
    %jmp T_3.39;
T_3.37 ;
    %load/vec4 v0000020910c126a0_0;
    %store/vec4 v0000020910c13960_0, 0, 16;
    %jmp T_3.39;
T_3.38 ;
    %load/vec4 v0000020910c12ce0_0;
    %store/vec4 v0000020910c13960_0, 0, 16;
    %jmp T_3.39;
T_3.39 ;
    %pop/vec4 1;
T_3.20 ;
    %load/vec4 v0000020910b37030_0;
    %parti/s 4, 16, 6;
    %cmpi/e 3, 0, 4;
    %jmp/0xz  T_3.40, 4;
    %load/vec4 v0000020910b37030_0;
    %parti/s 4, 8, 5;
    %pad/u 16;
    %store/vec4 v0000020910c13460_0, 0, 16;
    %load/vec4 v0000020910b37030_0;
    %parti/s 4, 4, 4;
    %pad/u 16;
    %store/vec4 v0000020910c13960_0, 0, 16;
T_3.40 ;
    %load/vec4 v0000020910b37030_0;
    %parti/s 4, 16, 6;
    %cmpi/e 4, 0, 4;
    %jmp/0xz  T_3.42, 4;
    %load/vec4 v0000020910b37030_0;
    %parti/s 4, 8, 5;
    %pad/u 16;
    %store/vec4 v0000020910c13460_0, 0, 16;
    %load/vec4 v0000020910b37030_0;
    %parti/s 4, 4, 4;
    %pad/u 16;
    %store/vec4 v0000020910c13960_0, 0, 16;
    %load/vec4 v0000020910b37030_0;
    %parti/s 4, 12, 5;
    %dup/vec4;
    %pushi/vec4 0, 0, 4;
    %cmp/u;
    %jmp/1 T_3.44, 6;
    %dup/vec4;
    %pushi/vec4 1, 0, 4;
    %cmp/u;
    %jmp/1 T_3.45, 6;
    %dup/vec4;
    %pushi/vec4 2, 0, 4;
    %cmp/u;
    %jmp/1 T_3.46, 6;
    %dup/vec4;
    %pushi/vec4 3, 0, 4;
    %cmp/u;
    %jmp/1 T_3.47, 6;
    %dup/vec4;
    %pushi/vec4 4, 0, 4;
    %cmp/u;
    %jmp/1 T_3.48, 6;
    %dup/vec4;
    %pushi/vec4 5, 0, 4;
    %cmp/u;
    %jmp/1 T_3.49, 6;
    %dup/vec4;
    %pushi/vec4 6, 0, 4;
    %cmp/u;
    %jmp/1 T_3.50, 6;
    %dup/vec4;
    %pushi/vec4 7, 0, 4;
    %cmp/u;
    %jmp/1 T_3.51, 6;
    %jmp T_3.52;
T_3.44 ;
    %load/vec4 v0000020910c13280_0;
    %store/vec4 v0000020910c13460_0, 0, 16;
    %jmp T_3.52;
T_3.45 ;
    %load/vec4 v0000020910c13f00_0;
    %store/vec4 v0000020910c13460_0, 0, 16;
    %jmp T_3.52;
T_3.46 ;
    %load/vec4 v0000020910c13a00_0;
    %store/vec4 v0000020910c13460_0, 0, 16;
    %jmp T_3.52;
T_3.47 ;
    %load/vec4 v0000020910c12e20_0;
    %store/vec4 v0000020910c13460_0, 0, 16;
    %jmp T_3.52;
T_3.48 ;
    %load/vec4 v0000020910c124c0_0;
    %store/vec4 v0000020910c13460_0, 0, 16;
    %jmp T_3.52;
T_3.49 ;
    %load/vec4 v0000020910c135a0_0;
    %store/vec4 v0000020910c13460_0, 0, 16;
    %jmp T_3.52;
T_3.50 ;
    %load/vec4 v0000020910c126a0_0;
    %store/vec4 v0000020910c13460_0, 0, 16;
    %jmp T_3.52;
T_3.51 ;
    %load/vec4 v0000020910c12ce0_0;
    %store/vec4 v0000020910c13460_0, 0, 16;
    %jmp T_3.52;
T_3.52 ;
    %pop/vec4 1;
T_3.42 ;
    %load/vec4 v0000020910b37030_0;
    %parti/s 4, 16, 6;
    %cmpi/e 15, 0, 4;
    %flag_mov 8, 4;
    %load/vec4 v0000020910b37030_0;
    %parti/s 4, 16, 6;
    %cmpi/e 14, 0, 4;
    %flag_or 4, 8;
    %jmp/0xz  T_3.53, 4;
    %load/vec4 v0000020910b37030_0;
    %parti/s 4, 8, 5;
    %pad/u 16;
    %store/vec4 v0000020910c13460_0, 0, 16;
    %load/vec4 v0000020910b37030_0;
    %parti/s 4, 4, 4;
    %pad/u 16;
    %store/vec4 v0000020910c13960_0, 0, 16;
T_3.53 ;
    %jmp T_3;
    .thread T_3;
    .scope S_0000020910ad3a70;
T_4 ;
    %pushi/vec4 0, 0, 32;
    %store/vec4 v0000020910c13d20_0, 0, 32;
    %vpi_func 5 28 "$fopen" 32, "mem.txt", "r" {0 0 0};
    %store/vec4 v0000020910c130a0_0, 0, 32;
T_4.0 ;
    %vpi_func 5 30 "$feof" 32, v0000020910c130a0_0 {0 0 0};
    %nor/r;
    %flag_set/vec4 8;
    %jmp/0xz T_4.1, 8;
    %vpi_func 5 32 "$fscanf" 32, v0000020910c130a0_0, "%b", &A<v0000020910c136e0, v0000020910c13d20_0 > {0 0 0};
    %store/vec4 v0000020910c13be0_0, 0, 32;
    %load/vec4 v0000020910c13d20_0;
    %addi 1, 0, 32;
    %store/vec4 v0000020910c13d20_0, 0, 32;
    %jmp T_4.0;
T_4.1 ;
    %end;
    .thread T_4;
    .scope S_0000020910ad3a70;
T_5 ;
    %wait E_0000020910b49d30;
    %load/vec4 v0000020910c12100_0;
    %store/vec4 v0000020910c12560_0, 0, 4;
    %load/vec4 v0000020910c12880_0;
    %store/vec4 v0000020910c13820_0, 0, 4;
    %load/vec4 v0000020910c12880_0;
    %cmpi/e 3, 0, 4;
    %jmp/0xz  T_5.0, 4;
    %load/vec4 v0000020910c12920_0;
    %pad/u 33;
    %subi 1, 0, 33;
    %ix/vec4 4;
    %load/vec4a v0000020910c136e0, 4;
    %store/vec4 v0000020910c13c80_0, 0, 16;
    %pushi/vec4 1, 0, 1;
    %store/vec4 v0000020910c12420_0, 0, 1;
    %jmp T_5.1;
T_5.0 ;
    %load/vec4 v0000020910c12880_0;
    %cmpi/e 4, 0, 4;
    %jmp/0xz  T_5.2, 4;
    %pushi/vec4 0, 0, 1;
    %store/vec4 v0000020910c12420_0, 0, 1;
    %pushi/vec4 0, 0, 16;
    %store/vec4 v0000020910c13c80_0, 0, 16;
    %vpi_func 5 52 "$fopen" 32, "mem.txt", "w" {0 0 0};
    %store/vec4 v0000020910c130a0_0, 0, 32;
    %pushi/vec4 0, 0, 32;
    %store/vec4 v0000020910c13d20_0, 0, 32;
T_5.4 ;
    %load/vec4 v0000020910c13d20_0;
    %cmpi/s 14, 0, 32;
    %flag_or 5, 4;
    %jmp/0xz T_5.5, 5;
    %load/vec4 v0000020910c13d20_0;
    %load/vec4 v0000020910c12920_0;
    %pad/u 32;
    %subi 1, 0, 32;
    %cmp/e;
    %jmp/0xz  T_5.6, 4;
    %vpi_call 5 57 "$fdisplay", v0000020910c130a0_0, "%b", v0000020910c13780_0 {0 0 0};
    %jmp T_5.7;
T_5.6 ;
    %vpi_call 5 60 "$fdisplay", v0000020910c130a0_0, "%b", &A<v0000020910c136e0, v0000020910c13d20_0 > {0 0 0};
T_5.7 ;
    %load/vec4 v0000020910c13d20_0;
    %addi 1, 0, 32;
    %store/vec4 v0000020910c13d20_0, 0, 32;
    %jmp T_5.4;
T_5.5 ;
    %load/vec4 v0000020910c12920_0;
    %pad/u 32;
    %load/vec4 v0000020910c13d20_0;
    %addi 1, 0, 32;
    %cmp/ne;
    %jmp/0xz  T_5.8, 4;
    %vpi_call 5 64 "$fwrite", v0000020910c130a0_0, "%b", &A<v0000020910c136e0, v0000020910c13d20_0 > {0 0 0};
    %jmp T_5.9;
T_5.8 ;
    %vpi_call 5 67 "$fwrite", v0000020910c130a0_0, "%b", v0000020910c13780_0 {0 0 0};
T_5.9 ;
    %vpi_call 5 69 "$fclose", v0000020910c130a0_0 {0 0 0};
    %jmp T_5.3;
T_5.2 ;
    %load/vec4 v0000020910c12880_0;
    %cmpi/e 0, 0, 4;
    %flag_mov 8, 4;
    %load/vec4 v0000020910c12880_0;
    %cmpi/e 1, 0, 4;
    %flag_or 4, 8;
    %flag_mov 8, 4;
    %load/vec4 v0000020910c12880_0;
    %cmpi/e 2, 0, 4;
    %flag_or 4, 8;
    %jmp/0xz  T_5.10, 4;
    %load/vec4 v0000020910c13780_0;
    %store/vec4 v0000020910c13c80_0, 0, 16;
    %pushi/vec4 1, 0, 1;
    %store/vec4 v0000020910c12420_0, 0, 1;
    %jmp T_5.11;
T_5.10 ;
    %pushi/vec4 0, 0, 1;
    %store/vec4 v0000020910c12420_0, 0, 1;
T_5.11 ;
T_5.3 ;
T_5.1 ;
    %jmp T_5;
    .thread T_5;
    .scope S_0000020910acdbb0;
T_6 ;
    %wait E_0000020910b49d30;
    %load/vec4 v0000020910c122e0_0;
    %store/vec4 v0000020910c12240_0, 0, 4;
    %pushi/vec4 0, 0, 1;
    %store/vec4 v0000020910c12600_0, 0, 1;
    %load/vec4 v0000020910c122e0_0;
    %dup/vec4;
    %pushi/vec4 0, 0, 4;
    %cmp/u;
    %jmp/1 T_6.0, 6;
    %dup/vec4;
    %pushi/vec4 1, 0, 4;
    %cmp/u;
    %jmp/1 T_6.1, 6;
    %dup/vec4;
    %pushi/vec4 2, 0, 4;
    %cmp/u;
    %jmp/1 T_6.2, 6;
    %dup/vec4;
    %pushi/vec4 3, 0, 4;
    %cmp/u;
    %jmp/1 T_6.3, 6;
    %dup/vec4;
    %pushi/vec4 4, 0, 4;
    %cmp/u;
    %jmp/1 T_6.4, 6;
    %dup/vec4;
    %pushi/vec4 5, 0, 4;
    %cmp/u;
    %jmp/1 T_6.5, 6;
    %dup/vec4;
    %pushi/vec4 6, 0, 4;
    %cmp/u;
    %jmp/1 T_6.6, 6;
    %load/vec4 v0000020910b71460_0;
    %load/vec4 v0000020910b6f7a0_0;
    %add;
    %store/vec4 v0000020910c13dc0_0, 0, 16;
    %pushi/vec4 0, 0, 4;
    %store/vec4 v0000020910b6fe80_0, 0, 4;
    %jmp T_6.8;
T_6.0 ;
    %load/vec4 v0000020910b71460_0;
    %load/vec4 v0000020910b6f7a0_0;
    %add;
    %store/vec4 v0000020910c13dc0_0, 0, 16;
    %pushi/vec4 0, 0, 4;
    %store/vec4 v0000020910b6fe80_0, 0, 4;
    %jmp T_6.8;
T_6.1 ;
    %load/vec4 v0000020910b71460_0;
    %load/vec4 v0000020910b6f7a0_0;
    %sub;
    %store/vec4 v0000020910c13dc0_0, 0, 16;
    %pushi/vec4 0, 0, 4;
    %store/vec4 v0000020910b6fe80_0, 0, 4;
    %jmp T_6.8;
T_6.2 ;
    %load/vec4 v0000020910b71460_0;
    %load/vec4 v0000020910b6f7a0_0;
    %mul;
    %store/vec4 v0000020910c13dc0_0, 0, 16;
    %pushi/vec4 0, 0, 4;
    %store/vec4 v0000020910b6fe80_0, 0, 4;
    %jmp T_6.8;
T_6.3 ;
    %pushi/vec4 0, 0, 4;
    %store/vec4 v0000020910b6fe80_0, 0, 4;
    %jmp T_6.8;
T_6.4 ;
    %load/vec4 v0000020910b71460_0;
    %store/vec4 v0000020910c13dc0_0, 0, 16;
    %pushi/vec4 0, 0, 4;
    %store/vec4 v0000020910b6fe80_0, 0, 4;
    %jmp T_6.8;
T_6.5 ;
    %load/vec4 v0000020910b71460_0;
    %load/vec4 v0000020910b6f7a0_0;
    %sub;
    %store/vec4 v0000020910c13dc0_0, 0, 16;
    %load/vec4 v0000020910b71460_0;
    %load/vec4 v0000020910b6f7a0_0;
    %cmp/e;
    %jmp/0xz  T_6.9, 4;
    %load/vec4 v0000020910c121a0_0;
    %pad/u 4;
    %store/vec4 v0000020910b6fe80_0, 0, 4;
    %pushi/vec4 1, 0, 1;
    %store/vec4 v0000020910c12600_0, 0, 1;
    %jmp T_6.10;
T_6.9 ;
    %pushi/vec4 0, 0, 4;
    %store/vec4 v0000020910b6fe80_0, 0, 4;
T_6.10 ;
    %jmp T_6.8;
T_6.6 ;
    %load/vec4 v0000020910b71460_0;
    %load/vec4 v0000020910b6f7a0_0;
    %sub;
    %store/vec4 v0000020910c13dc0_0, 0, 16;
    %load/vec4 v0000020910b71460_0;
    %load/vec4 v0000020910b6f7a0_0;
    %cmp/ne;
    %jmp/0xz  T_6.11, 4;
    %load/vec4 v0000020910c121a0_0;
    %pad/u 4;
    %store/vec4 v0000020910b6fe80_0, 0, 4;
    %pushi/vec4 1, 0, 1;
    %store/vec4 v0000020910c12600_0, 0, 1;
    %jmp T_6.12;
T_6.11 ;
    %pushi/vec4 0, 0, 4;
    %store/vec4 v0000020910b6fe80_0, 0, 4;
T_6.12 ;
    %jmp T_6.8;
T_6.8 ;
    %pop/vec4 1;
    %load/vec4 v0000020910b709c0_0;
    %store/vec4 v0000020910b6f840_0, 0, 4;
    %load/vec4 v0000020910b70380_0;
    %store/vec4 v0000020910b70a60_0, 0, 4;
    %jmp T_6;
    .thread T_6;
    .scope S_0000020910b50110;
T_7 ;
    %pushi/vec4 0, 0, 4;
    %store/vec4 v0000020910b372b0_0, 0, 4;
    %pushi/vec4 1, 0, 4;
    %store/vec4 v0000020910b37530_0, 0, 4;
    %pushi/vec4 2, 0, 4;
    %store/vec4 v0000020910b364f0_0, 0, 4;
    %pushi/vec4 3, 0, 4;
    %store/vec4 v0000020910b36810_0, 0, 4;
    %pushi/vec4 4, 0, 4;
    %store/vec4 v0000020910b36770_0, 0, 4;
    %pushi/vec4 5, 0, 4;
    %store/vec4 v0000020910b37a30_0, 0, 4;
    %pushi/vec4 6, 0, 4;
    %store/vec4 v0000020910b37fd0_0, 0, 4;
    %end;
    .thread T_7;
    .scope S_0000020910b50110;
T_8 ;
    %pushi/vec4 0, 0, 16;
    %store/vec4 v0000020910b37670_0, 0, 16;
    %pushi/vec4 0, 0, 16;
    %store/vec4 v0000020910b368b0_0, 0, 16;
    %pushi/vec4 0, 0, 16;
    %store/vec4 v0000020910b37b70_0, 0, 16;
    %pushi/vec4 0, 0, 16;
    %store/vec4 v0000020910b36bd0_0, 0, 16;
    %pushi/vec4 0, 0, 16;
    %store/vec4 v0000020910b36f90_0, 0, 16;
    %pushi/vec4 0, 0, 16;
    %store/vec4 v0000020910b37f30_0, 0, 16;
    %pushi/vec4 0, 0, 16;
    %store/vec4 v0000020910b370d0_0, 0, 16;
    %pushi/vec4 0, 0, 16;
    %store/vec4 v0000020910b37850_0, 0, 16;
    %end;
    .thread T_8;
    .scope S_0000020910b50110;
T_9 ;
    %wait E_0000020910b49d30;
    %load/vec4 v0000020910b36d10_0;
    %store/vec4 v0000020910b37670_0, 0, 16;
    %load/vec4 v0000020910b37350_0;
    %store/vec4 v0000020910b368b0_0, 0, 16;
    %load/vec4 v0000020910b37d50_0;
    %store/vec4 v0000020910b37b70_0, 0, 16;
    %load/vec4 v0000020910b36a90_0;
    %store/vec4 v0000020910b36bd0_0, 0, 16;
    %load/vec4 v0000020910b36b30_0;
    %store/vec4 v0000020910b36f90_0, 0, 16;
    %load/vec4 v0000020910b375d0_0;
    %store/vec4 v0000020910b37f30_0, 0, 16;
    %load/vec4 v0000020910b36590_0;
    %store/vec4 v0000020910b370d0_0, 0, 16;
    %load/vec4 v0000020910b37ad0_0;
    %store/vec4 v0000020910b37850_0, 0, 16;
    %load/vec4 v0000020910b36c70_0;
    %cmpi/e 1, 0, 1;
    %jmp/0xz  T_9.0, 4;
    %vpi_call 3 78 "$display", "data received by writeback unit is ", v0000020910b37df0_0 {0 0 0};
    %load/vec4 v0000020910b37c10_0;
    %cmpi/e 0, 0, 4;
    %jmp/0xz  T_9.2, 4;
    %load/vec4 v0000020910b37df0_0;
    %assign/vec4 v0000020910b37670_0, 0;
    %jmp T_9.3;
T_9.2 ;
    %load/vec4 v0000020910b37c10_0;
    %cmpi/e 1, 0, 4;
    %jmp/0xz  T_9.4, 4;
    %load/vec4 v0000020910b37df0_0;
    %assign/vec4 v0000020910b368b0_0, 0;
    %jmp T_9.5;
T_9.4 ;
    %load/vec4 v0000020910b37c10_0;
    %cmpi/e 2, 0, 4;
    %jmp/0xz  T_9.6, 4;
    %load/vec4 v0000020910b37df0_0;
    %assign/vec4 v0000020910b37b70_0, 0;
    %jmp T_9.7;
T_9.6 ;
    %load/vec4 v0000020910b37c10_0;
    %cmpi/e 3, 0, 4;
    %jmp/0xz  T_9.8, 4;
    %load/vec4 v0000020910b37df0_0;
    %assign/vec4 v0000020910b36bd0_0, 0;
    %jmp T_9.9;
T_9.8 ;
    %load/vec4 v0000020910b37c10_0;
    %cmpi/e 4, 0, 4;
    %jmp/0xz  T_9.10, 4;
    %load/vec4 v0000020910b37df0_0;
    %assign/vec4 v0000020910b36f90_0, 0;
    %jmp T_9.11;
T_9.10 ;
    %load/vec4 v0000020910b37c10_0;
    %cmpi/e 5, 0, 4;
    %jmp/0xz  T_9.12, 4;
    %load/vec4 v0000020910b37df0_0;
    %assign/vec4 v0000020910b37f30_0, 0;
    %jmp T_9.13;
T_9.12 ;
    %load/vec4 v0000020910b37c10_0;
    %cmpi/e 6, 0, 4;
    %jmp/0xz  T_9.14, 4;
    %load/vec4 v0000020910b37df0_0;
    %assign/vec4 v0000020910b370d0_0, 0;
    %jmp T_9.15;
T_9.14 ;
    %load/vec4 v0000020910b37c10_0;
    %cmpi/e 7, 0, 4;
    %jmp/0xz  T_9.16, 4;
    %load/vec4 v0000020910b37df0_0;
    %assign/vec4 v0000020910b37850_0, 0;
T_9.16 ;
T_9.15 ;
T_9.13 ;
T_9.11 ;
T_9.9 ;
T_9.7 ;
T_9.5 ;
T_9.3 ;
T_9.0 ;
    %vpi_call 3 121 "$display", "reg state in wrtieback unit is : ", v0000020910b37670_0, v0000020910b368b0_0, v0000020910b37b70_0, v0000020910b36bd0_0, v0000020910b36f90_0, v0000020910b37f30_0, v0000020910b370d0_0, v0000020910b37850_0 {0 0 0};
    %jmp T_9;
    .thread T_9;
    .scope S_0000020910b4ff80;
T_10 ;
    %delay 1, 0;
    %load/vec4 v0000020910b6fca0_0;
    %inv;
    %store/vec4 v0000020910b6fca0_0, 0, 1;
    %jmp T_10;
    .thread T_10;
    .scope S_0000020910b4ff80;
T_11 ;
    %pushi/vec4 4294967295, 0, 32;
    %store/vec4 v0000020910b70b00_0, 0, 32;
    %pushi/vec4 0, 0, 1;
    %store/vec4 v0000020910b6f980_0, 0, 1;
    %pushi/vec4 0, 0, 1;
    %store/vec4 v0000020910b6fca0_0, 0, 1;
    %pushi/vec4 0, 0, 8;
    %store/vec4 v0000020910b74160_0, 0, 8;
    %pushi/vec4 0, 0, 16;
    %store/vec4 v0000020910b72720_0, 0, 16;
    %pushi/vec4 0, 0, 16;
    %store/vec4 v0000020910b725e0_0, 0, 16;
    %pushi/vec4 0, 0, 16;
    %store/vec4 v0000020910b73bc0_0, 0, 16;
    %pushi/vec4 0, 0, 16;
    %store/vec4 v0000020910b73c60_0, 0, 16;
    %pushi/vec4 0, 0, 16;
    %store/vec4 v0000020910b729a0_0, 0, 16;
    %pushi/vec4 0, 0, 16;
    %store/vec4 v0000020910b72b80_0, 0, 16;
    %pushi/vec4 0, 0, 16;
    %store/vec4 v0000020910b731c0_0, 0, 16;
    %pushi/vec4 0, 0, 16;
    %store/vec4 v0000020910b72e00_0, 0, 16;
    %delay 2000, 0;
    %vpi_call 2 149 "$finish" {0 0 0};
    %end;
    .thread T_11;
    .scope S_0000020910b4ff80;
T_12 ;
    %wait E_0000020910b49c30;
    %load/vec4 v0000020910b70b00_0;
    %subi 1, 0, 32;
    %store/vec4 v0000020910b70b00_0, 0, 32;
    %load/vec4 v0000020910b70ec0_0;
    %store/vec4 v0000020910b6fac0_0, 0, 4;
    %load/vec4 v0000020910b70ce0_0;
    %store/vec4 v0000020910b6ff20_0, 0, 16;
    %load/vec4 v0000020910b70240_0;
    %store/vec4 v0000020910b70600_0, 0, 4;
    %load/vec4 v0000020910b73260_0;
    %store/vec4 v0000020910b72ea0_0, 0, 4;
    %load/vec4 v0000020910b6fd40_0;
    %store/vec4 v0000020910b6ffc0_0, 0, 8;
    %load/vec4 v0000020910b707e0_0;
    %store/vec4 v0000020910b701a0_0, 0, 1;
    %load/vec4 v0000020910b71140_0;
    %store/vec4 v0000020910b6f700_0, 0, 1;
    %load/vec4 v0000020910b742a0_0;
    %store/vec4 v0000020910b710a0_0, 0, 16;
    %load/vec4 v0000020910b742a0_0;
    %store/vec4 v0000020910b70d80_0, 0, 16;
    %load/vec4 v0000020910b74020_0;
    %store/vec4 v0000020910b72d60_0, 0, 4;
    %load/vec4 v0000020910b742a0_0;
    %store/vec4 v0000020910b74340_0, 0, 16;
    %load/vec4 v0000020910b74200_0;
    %store/vec4 v0000020910b72720_0, 0, 16;
    %load/vec4 v0000020910b73300_0;
    %store/vec4 v0000020910b725e0_0, 0, 16;
    %load/vec4 v0000020910b733a0_0;
    %store/vec4 v0000020910b73bc0_0, 0, 16;
    %load/vec4 v0000020910b72cc0_0;
    %store/vec4 v0000020910b73c60_0, 0, 16;
    %load/vec4 v0000020910b72fe0_0;
    %store/vec4 v0000020910b729a0_0, 0, 16;
    %load/vec4 v0000020910b73d00_0;
    %store/vec4 v0000020910b72b80_0, 0, 16;
    %load/vec4 v0000020910b72c20_0;
    %store/vec4 v0000020910b731c0_0, 0, 16;
    %load/vec4 v0000020910b73da0_0;
    %store/vec4 v0000020910b72e00_0, 0, 16;
    %load/vec4 v0000020910b71280_0;
    %store/vec4 v0000020910b713c0_0, 0, 20;
    %load/vec4 v0000020910b71280_0;
    %pushi/vec4 917504, 0, 20;
    %cmp/e;
    %flag_get/vec4 4;
    %load/vec4 v0000020910b6f980_0;
    %pushi/vec4 0, 0, 1;
    %cmp/e;
    %flag_get/vec4 4;
    %and;
    %flag_set/vec4 8;
    %jmp/0xz  T_12.0, 8;
    %pushi/vec4 5, 0, 32;
    %store/vec4 v0000020910b70b00_0, 0, 32;
    %pushi/vec4 1, 0, 1;
    %store/vec4 v0000020910b6f980_0, 0, 1;
T_12.0 ;
    %load/vec4 v0000020910b73e40_0;
    %store/vec4 v0000020910b73b20_0, 0, 16;
    %load/vec4 v0000020910b73a80_0;
    %store/vec4 v0000020910b72900_0, 0, 16;
    %load/vec4 v0000020910b70740_0;
    %store/vec4 v0000020910b70560_0, 0, 4;
    %load/vec4 v0000020910b73580_0;
    %store/vec4 v0000020910b73120_0, 0, 8;
    %load/vec4 v0000020910b70420_0;
    %store/vec4 v0000020910b727c0_0, 0, 4;
    %load/vec4 v0000020910b6fc00_0;
    %store/vec4 v0000020910b6fde0_0, 0, 4;
    %load/vec4 v0000020910b70880_0;
    %store/vec4 v0000020910b6fa20_0, 0, 8;
    %vpi_call 2 190 "$display", "Current instruction in IF unit is: %b", v0000020910b713c0_0 {0 0 0};
    %load/vec4 v0000020910b70b00_0;
    %cmpi/e 0, 0, 32;
    %jmp/0xz  T_12.2, 4;
    %vpi_call 2 193 "$finish" {0 0 0};
T_12.2 ;
    %jmp T_12;
    .thread T_12;
# The file index is used to find the file name in the following table.
:file_names 8;
    "N/A";
    "<interactive>";
    "all.v";
    "./wb_unit.v";
    "./id_unit.v";
    "./memoryut.v";
    "./Execution_unit.v";
    "./if_unit.v";
